<?xml version="1.0" encoding="UTF-8"?>
<!-- Generated by org.testng.reporters.JUnitReportReporter -->
<testsuite hostname="LAPTOP-NC0BN7UC" failures="0" tests="1" name="Test.SignupTest" time="4.161" errors="0" timestamp="2022-06-12T16:31:30 IST" skipped="0">
  <testcase classname="Test.SignupTest" name="signup" time="4.161"/>
  <system-out/>
</testsuite> <!-- Test.SignupTest -->
