<?xml version="1.0" encoding="UTF-8"?>
<!-- Generated by org.testng.reporters.JUnitReportReporter -->
<testsuite hostname="LAPTOP-NC0BN7UC" failures="0" tests="1" name="Test.ZerodhaPinTest" time="8.173" errors="0" timestamp="2022-06-12T23:18:36 IST" skipped="0">
  <testcase classname="Test.ZerodhaPinTest" name="buyShareWithMarketOrder" time="8.173"/>
  <system-out/>
</testsuite> <!-- Test.ZerodhaPinTest -->
