<?xml version="1.0" encoding="UTF-8"?>
<!-- Generated by org.testng.reporters.JUnitReportReporter -->
<testsuite hostname="LAPTOP-NC0BN7UC" failures="0" tests="1" name="Test.SellShareTest" time="10.832" errors="0" timestamp="2022-06-14T16:18:41 IST" skipped="0">
  <testcase classname="Test.SellShareTest" name="sellShareWithStopLoss" time="10.832"/>
  <system-out/>
</testsuite> <!-- Test.SellShareTest -->
