<?xml version="1.0" encoding="UTF-8"?>
<!-- Generated by org.testng.reporters.JUnitReportReporter -->
<testsuite hostname="LAPTOP-NC0BN7UC" failures="0" tests="1" name="Test.ForgotUserIdTest" time="3.568" errors="0" timestamp="2022-06-11T14:18:38 IST" skipped="0">
  <testcase classname="Test.ForgotUserIdTest" name="forgotUserId" time="3.568"/>
  <system-out/>
</testsuite> <!-- Test.ForgotUserIdTest -->
